#
# A fatal error has been detected by the Java Runtime Environment:
#
#  Internal Error (safepoint.cpp:687), pid=21108, tid=0x0000000000005064
#  fatal error: Deadlock in safepoint code.  Should have called back to the VM before blocking.
#
# JRE version: Java(TM) SE Runtime Environment (8.0_111-b14) (build 1.8.0_111-b14)
# Java VM: Java HotSpot(TM) 64-Bit Server VM (25.111-b14 mixed mode windows-amd64 compressed oops)
# Failed to write core dump. Minidumps are not enabled by default on client versions of Windows
#
# If you would like to submit a bug report, please visit:
#   http://bugreport.java.com/bugreport/crash.jsp
#

---------------  T H R E A D  ---------------

Current thread (0x000000001e4f8800):  JavaThread "JavaFX Application Thread" [_thread_in_native_trans, id=20580, stack(0x000000001f1f0000,0x000000001f2f0000)]

Stack: [0x000000001f1f0000,0x000000001f2f0000]
[error occurred during error reporting (printing stack bounds), id 0xc0000005]

Native frames: (J=compiled Java code, j=interpreted, Vv=VM code, C=native code)

Java frames: (J=compiled Java code, j=interpreted, Vv=VM code)
j  com.sun.glass.ui.win.WinApplication._runLoop(Ljava/lang/Runnable;)V+0
j  com.sun.glass.ui.win.WinApplication.lambda$null$148(ILjava/lang/Runnable;)V+8
j  com.sun.glass.ui.win.WinApplication$$Lambda$38.run()V+12
j  java.lang.Thread.run()V+11
v  ~StubRoutines::call_stub

---------------  P R O C E S S  ---------------

Java Threads: ( => current thread )
  0x000000001e6c9800 JavaThread "Prism Font Disposer" daemon [_thread_blocked, id=12840, stack(0x0000000026190000,0x0000000026290000)]
  0x000000001e578000 JavaThread "Thread-3" daemon [_thread_blocked, id=17648, stack(0x0000000023cc0000,0x0000000023dc0000)]
  0x000000001e561800 JavaThread "JavaFX-Launcher" [_thread_blocked, id=7608, stack(0x0000000023dc0000,0x0000000023ec0000)]
=>0x000000001e4f8800 JavaThread "JavaFX Application Thread" [_thread_in_native_trans, id=20580, stack(0x000000001f1f0000,0x000000001f2f0000)]
  0x000000001e19d800 JavaThread "Thread-1" daemon [_thread_blocked, id=17556, stack(0x000000001f0f0000,0x000000001f1f0000)]
  0x000000001e174000 JavaThread "QuantumRenderer-0" daemon [_thread_blocked, id=19984, stack(0x000000001ecf0000,0x000000001edf0000)]
  0x000000001ddd8800 JavaThread "Service Thread" daemon [_thread_blocked, id=13080, stack(0x000000001e1b0000,0x000000001e2b0000)]
  0x000000001c459800 JavaThread "C1 CompilerThread2" daemon [_thread_blocked, id=8700, stack(0x000000001dcb0000,0x000000001ddb0000)]
  0x000000001c450800 JavaThread "C2 CompilerThread1" daemon [_thread_blocked, id=17676, stack(0x000000001dbb0000,0x000000001dcb0000)]
  0x000000001c44d000 JavaThread "C2 CompilerThread0" daemon [_thread_blocked, id=12904, stack(0x000000001dab0000,0x000000001dbb0000)]
  0x000000001c44b800 JavaThread "Attach Listener" daemon [_thread_blocked, id=15848, stack(0x000000001d9b0000,0x000000001dab0000)]
  0x000000001c44a000 JavaThread "Signal Dispatcher" daemon [_thread_blocked, id=13488, stack(0x000000001d8b0000,0x000000001d9b0000)]
  0x000000001c439000 JavaThread "Finalizer" daemon [_thread_blocked, id=5512, stack(0x000000001d6b0000,0x000000001d7b0000)]
  0x0000000003001000 JavaThread "Reference Handler" daemon [_thread_blocked, id=9940, stack(0x000000001d5b0000,0x000000001d6b0000)]
  0x0000000002f10800 JavaThread "main" [_thread_blocked, id=12784, stack(0x0000000002e10000,0x0000000002f10000)]

Other Threads:
  0x000000001c417000 VMThread [stack: 0x000000001d4b0000,0x000000001d5b0000] [id=15556]
  0x000000001ddeb800 WatcherThread [stack: 0x000000001e3f0000,0x000000001e4f0000] [id=19416]

VM state:synchronizing (normal execution)

VM Mutex/Monitor currently owned by a thread:  ([mutex/lock_event])
[0x0000000002e0c4b0] Threads_lock - owner thread: 0x000000001c417000

Heap:
 PSYoungGen      total 75264K, used 51601K [0x000000076c180000, 0x0000000771580000, 0x00000007c0000000)
  eden space 64512K, 79% used [0x000000076c180000,0x000000076f3e4460,0x0000000770080000)
  from space 10752K, 0% used [0x0000000770b00000,0x0000000770b00000,0x0000000771580000)
  to   space 10752K, 0% used [0x0000000770080000,0x0000000770080000,0x0000000770b00000)
 ParOldGen       total 172032K, used 0K [0x00000006c4400000, 0x00000006cec00000, 0x000000076c180000)
  object space 172032K, 0% used [0x00000006c4400000,0x00000006c4400000,0x00000006cec00000)
 Metaspace       used 18175K, capacity 19424K, committed 19584K, reserved 1067008K
  class space    used 2647K, capacity 2861K, committed 2944K, reserved 1048576K

Card table byte_map: [0x00000000123d0000,0x0000000012bb0000] byte_map_base: 0x000000000edae000

Marking Bits: (ParMarkBitMap*) 0x000000006822a6c0
 Begin Bits: [0x00000000134f0000, 0x00000000173e0000)
 End Bits:   [0x00000000173e0000, 0x000000001b2d0000)

Polling page: 0x0000000001000000

CodeCache: size=245760Kb used=6632Kb max_used=6632Kb free=239127Kb
 bounds [0x0000000003010000, 0x0000000003690000, 0x0000000012010000]
 total_blobs=2842 nmethods=2186 adapters=567
 compilation: enabled

Compilation events (10 events):
Event: 2.872 Thread 0x000000001c459800 2184       3       com.sun.prism.impl.ps.BaseShaderContext::getSpecialShader (117 bytes)
Event: 2.872 Thread 0x000000001c459800 nmethod 2184 0x0000000003685450 code [0x0000000003685680, 0x0000000003686728]
Event: 2.872 Thread 0x000000001c459800 2185       3       com.sun.prism.d3d.D3DContext::updateRenderTarget (353 bytes)
Event: 2.874 Thread 0x000000001c459800 nmethod 2185 0x0000000003686d50 code [0x0000000003687180, 0x0000000003689fd8]
Event: 2.874 Thread 0x000000001c459800 2182       3       com.sun.prism.d3d.D3DShader::checkTmpFloatBuf (21 bytes)
Event: 2.874 Thread 0x000000001c459800 nmethod 2182 0x000000000368bed0 code [0x000000000368c080, 0x000000000368c568]
Event: 2.874 Thread 0x000000001c459800 2181       3       com.sun.prism.impl.VertexBuffer::setPerVertexColor (63 bytes)
Event: 2.874 Thread 0x000000001c459800 nmethod 2181 0x000000000368c790 code [0x000000000368c960, 0x000000000368cf10]
Event: 2.995 Thread 0x000000001c459800 2186       3       java.util.concurrent.atomic.AtomicBoolean::compareAndSet (35 bytes)
Event: 2.995 Thread 0x000000001c459800 nmethod 2186 0x000000000368d090 code [0x000000000368d1e0, 0x000000000368d410]

GC Heap History (0 events):
No events

Deoptimization events (10 events):
Event: 0.681 Thread 0x000000001e4f8800 Uncommon trap: reason=class_check action=maybe_recompile pc=0x00000000031301d4 method=java.lang.String.equals(Ljava/lang/Object;)Z @ 8
Event: 0.713 Thread 0x000000001e4f8800 Uncommon trap: reason=unstable_if action=reinterpret pc=0x0000000003304cb4 method=java.lang.String.regionMatches(ZILjava/lang/String;II)Z @ 123
Event: 0.819 Thread 0x000000001e4f8800 Uncommon trap: reason=unstable_if action=reinterpret pc=0x00000000032cd3d8 method=sun.net.www.ParseUtil.encodePath(Ljava/lang/String;Z)Ljava/lang/String; @ 109
Event: 1.798 Thread 0x000000001e4f8800 Uncommon trap: reason=unstable_if action=reinterpret pc=0x000000000337f678 method=jdk.internal.org.objectweb.asm.Type.getArgumentsAndReturnSizes(Ljava/lang/String;)I @ 47
Event: 2.670 Thread 0x000000001e4f8800 Uncommon trap: reason=unstable_if action=reinterpret pc=0x000000000347ebdc method=com.sun.javafx.css.BitSet.add(Ljava/lang/Object;)Z @ 91
Event: 2.691 Thread 0x000000001e4f8800 Uncommon trap: reason=array_check action=maybe_recompile pc=0x0000000003534e58 method=com.sun.javafx.css.SimpleSelector.applies(Ljavafx/css/Styleable;[Ljava/util/Set;I)Z @ 37
Event: 2.691 Thread 0x000000001e4f8800 Uncommon trap: reason=array_check action=maybe_recompile pc=0x0000000003534e58 method=com.sun.javafx.css.SimpleSelector.applies(Ljavafx/css/Styleable;[Ljava/util/Set;I)Z @ 37
Event: 2.691 Thread 0x000000001e4f8800 Uncommon trap: reason=array_check action=maybe_recompile pc=0x0000000003534e58 method=com.sun.javafx.css.SimpleSelector.applies(Ljavafx/css/Styleable;[Ljava/util/Set;I)Z @ 37
Event: 2.691 Thread 0x000000001e4f8800 Uncommon trap: reason=array_check action=maybe_recompile pc=0x0000000003534e58 method=com.sun.javafx.css.SimpleSelector.applies(Ljavafx/css/Styleable;[Ljava/util/Set;I)Z @ 37
Event: 2.700 Thread 0x000000001e4f8800 Uncommon trap: reason=array_check action=maybe_recompile pc=0x0000000003561748 method=com.sun.javafx.css.SimpleSelector.applies(Ljavafx/css/Styleable;[Ljava/util/Set;I)Z @ 37

Internal exceptions (10 events):
Event: 0.156 Thread 0x0000000002f10800 Exception <a 'java/security/PrivilegedActionException'> (0x000000076c4e9d10) thrown at [C:\re\workspace\8-2-build-windows-amd64-cygwin\jdk8u111\7883\hotspot\src\share\vm\prims\jvm.cpp, line 1386]
Event: 0.157 Thread 0x0000000002f10800 Exception <a 'java/security/PrivilegedActionException'> (0x000000076c4edbf8) thrown at [C:\re\workspace\8-2-build-windows-amd64-cygwin\jdk8u111\7883\hotspot\src\share\vm\prims\jvm.cpp, line 1386]
Event: 0.157 Thread 0x0000000002f10800 Exception <a 'java/security/PrivilegedActionException'> (0x000000076c4ede08) thrown at [C:\re\workspace\8-2-build-windows-amd64-cygwin\jdk8u111\7883\hotspot\src\share\vm\prims\jvm.cpp, line 1386]
Event: 0.157 Thread 0x0000000002f10800 Exception <a 'java/lang/NullPointerException'> (0x000000076c4ee3e0) thrown at [C:\re\workspace\8-2-build-windows-amd64-cygwin\jdk8u111\7883\hotspot\src\share\vm\interpreter\linkResolver.cpp, line 1178]
Event: 0.399 Thread 0x000000001e4f8800 Exception <a 'java/lang/NullPointerException'> (0x000000076d0e7950) thrown at [C:\re\workspace\8-2-build-windows-amd64-cygwin\jdk8u111\7883\hotspot\src\share\vm\interpreter\linkResolver.cpp, line 1178]
Event: 0.399 Thread 0x000000001e4f8800 Exception <a 'java/lang/NullPointerException'> (0x000000076d0e7950) thrown at [C:\re\workspace\8-2-build-windows-amd64-cygwin\jdk8u111\7883\hotspot\src\share\vm\prims\jvm.cpp, line 1390]
Event: 0.489 Thread 0x000000001e4f8800 Exception <a 'java/lang/ArrayIndexOutOfBoundsException'> (0x000000076d533f88) thrown at [C:\re\workspace\8-2-build-windows-amd64-cygwin\jdk8u111\7883\hotspot\src\share\vm\runtime\sharedRuntime.cpp, line 605]
Event: 0.489 Thread 0x000000001e4f8800 Exception <a 'java/lang/ArrayIndexOutOfBoundsException'> (0x000000076d534c88) thrown at [C:\re\workspace\8-2-build-windows-amd64-cygwin\jdk8u111\7883\hotspot\src\share\vm\runtime\sharedRuntime.cpp, line 605]
Event: 0.489 Thread 0x000000001e4f8800 Exception <a 'java/lang/ArrayIndexOutOfBoundsException'> (0x000000076d536030) thrown at [C:\re\workspace\8-2-build-windows-amd64-cygwin\jdk8u111\7883\hotspot\src\share\vm\runtime\sharedRuntime.cpp, line 605]
Event: 0.541 Thread 0x000000001e4f8800 Implicit null exception at 0x0000000003270275 to 0x00000000032704a1

Events (10 events):
Event: 2.835 loading class com/sun/scenario/effect/impl/prism/ps/PPSOneSamplerPeer
Event: 2.835 loading class com/sun/scenario/effect/impl/prism/ps/PPSOneSamplerPeer done
Event: 2.835 loading class com/sun/scenario/effect/impl/prism/ps/PPSEffectPeer
Event: 2.835 loading class com/sun/scenario/effect/impl/prism/ps/PPSEffectPeer done
Event: 2.836 loading class com/sun/scenario/effect/impl/BufferUtil
Event: 2.836 loading class com/sun/scenario/effect/impl/BufferUtil done
Event: 2.847 Thread 0x000000001e4f8800 DEOPT PACKING pc=0x00000000033e2b74 sp=0x000000001f2eca20
Event: 2.847 Thread 0x000000001e4f8800 DEOPT UNPACKING pc=0x000000000305787f sp=0x000000001f2ec788 mode 0
Event: 2.847 Thread 0x000000001e4f8800 DEOPT PACKING pc=0x00000000033e2b74 sp=0x000000001f2ed1b0
Event: 2.847 Thread 0x000000001e4f8800 DEOPT UNPACKING pc=0x000000000305787f sp=0x000000001f2ecf18 mode 0


Dynamic libraries:
0x00007ff68db00000 - 0x00007ff68db37000 	C:\Program Files\Java\jdk1.8.0_111\jre\bin\java.exe
0x00007ffa80070000 - 0x00007ffa80265000 	C:\Windows\SYSTEM32\ntdll.dll
0x00007ffa7efc0000 - 0x00007ffa7f07e000 	C:\Windows\System32\KERNEL32.DLL
0x00007ffa7d870000 - 0x00007ffa7db38000 	C:\Windows\System32\KERNELBASE.dll
0x00007ffa7e320000 - 0x00007ffa7e3ce000 	C:\Windows\System32\ADVAPI32.dll
0x00007ffa7ff90000 - 0x00007ffa8002e000 	C:\Windows\System32\msvcrt.dll
0x00007ffa7fae0000 - 0x00007ffa7fb7c000 	C:\Windows\System32\sechost.dll
0x00007ffa7e3d0000 - 0x00007ffa7e4f5000 	C:\Windows\System32\RPCRT4.dll
0x00007ffa7f940000 - 0x00007ffa7fae0000 	C:\Windows\System32\USER32.dll
0x00007ffa7d790000 - 0x00007ffa7d7b2000 	C:\Windows\System32\win32u.dll
0x00007ffa7f8a0000 - 0x00007ffa7f8cb000 	C:\Windows\System32\GDI32.dll
0x00007ffa7dcd0000 - 0x00007ffa7dddb000 	C:\Windows\System32\gdi32full.dll
0x00007ffa7de70000 - 0x00007ffa7df0d000 	C:\Windows\System32\msvcp_win.dll
0x00007ffa7df10000 - 0x00007ffa7e010000 	C:\Windows\System32\ucrtbase.dll
0x00007ffa61b20000 - 0x00007ffa61dba000 	C:\Windows\WinSxS\amd64_microsoft.windows.common-controls_6595b64144ccf1df_6.0.19041.1110_none_60b5254171f9507e\COMCTL32.dll
0x00007ffa7e1e0000 - 0x00007ffa7e210000 	C:\Windows\System32\IMM32.DLL
0x0000000067930000 - 0x0000000067a02000 	C:\Program Files\Java\jdk1.8.0_111\jre\bin\msvcr100.dll
0x0000000067a10000 - 0x00000000682aa000 	C:\Program Files\Java\jdk1.8.0_111\jre\bin\server\jvm.dll
0x00007ffa7ece0000 - 0x00007ffa7ece8000 	C:\Windows\System32\PSAPI.DLL
0x00007ffa5e280000 - 0x00007ffa5e289000 	C:\Windows\SYSTEM32\WSOCK32.dll
0x00007ffa6ec40000 - 0x00007ffa6ec4a000 	C:\Windows\SYSTEM32\VERSION.dll
0x00007ffa6ecc0000 - 0x00007ffa6ece7000 	C:\Windows\SYSTEM32\WINMM.dll
0x00007ffa7ec40000 - 0x00007ffa7ecab000 	C:\Windows\System32\WS2_32.dll
0x00000000678e0000 - 0x00000000678ef000 	C:\Program Files\Java\jdk1.8.0_111\jre\bin\verify.dll
0x00000000678b0000 - 0x00000000678d9000 	C:\Program Files\Java\jdk1.8.0_111\jre\bin\java.dll
0x0000000067890000 - 0x00000000678a6000 	C:\Program Files\Java\jdk1.8.0_111\jre\bin\zip.dll
0x00007ffa7f150000 - 0x00007ffa7f894000 	C:\Windows\System32\SHELL32.dll
0x00007ffa7b8a0000 - 0x00007ffa7c034000 	C:\Windows\SYSTEM32\windows.storage.dll
0x00007ffa7fb80000 - 0x00007ffa7fed4000 	C:\Windows\System32\combase.dll
0x00007ffa7d180000 - 0x00007ffa7d1ac000 	C:\Windows\SYSTEM32\Wldp.dll
0x00007ffa7fee0000 - 0x00007ffa7ff8d000 	C:\Windows\System32\SHCORE.dll
0x00007ffa7e210000 - 0x00007ffa7e265000 	C:\Windows\System32\shlwapi.dll
0x00007ffa7d6d0000 - 0x00007ffa7d6ef000 	C:\Windows\SYSTEM32\profapi.dll
0x00007ffa6a7d0000 - 0x00007ffa6a8bf000 	C:\Program Files\Java\jdk1.8.0_111\jre\bin\msvcr120.dll
0x00007ffa6a720000 - 0x00007ffa6a7c6000 	C:\Program Files\Java\jdk1.8.0_111\jre\bin\msvcp120.dll
0x00000000675a0000 - 0x00000000675c2000 	C:\Program Files\Java\jdk1.8.0_111\jre\bin\prism_d3d.dll
0x00007ffa3aff0000 - 0x00007ffa3b1bf000 	C:\Windows\system32\d3d9.dll
0x00007ffa7b680000 - 0x00007ffa7b692000 	C:\Windows\SYSTEM32\kernel.appcore.dll
0x00007ffa7b390000 - 0x00007ffa7b3bf000 	C:\Windows\SYSTEM32\dwmapi.dll
0x00007ffa7ad30000 - 0x00007ffa7adce000 	C:\Windows\system32\uxtheme.dll
0x00007ffa3ae80000 - 0x00007ffa3afe3000 	C:\Windows\System32\DriverStore\FileRepository\iigd_dch.inf_amd64_a086f01cc7be643a\igdumdim64.dll
0x00007ffa32b90000 - 0x00007ffa36594000 	C:\Windows\System32\DriverStore\FileRepository\iigd_dch.inf_amd64_a086f01cc7be643a\igd9dxva64.dll
0x00007ffa7e5c0000 - 0x00007ffa7e6ea000 	C:\Windows\System32\ole32.dll
0x00007ffa7f080000 - 0x00007ffa7f14d000 	C:\Windows\System32\OLEAUT32.dll
0x00007ffa7e7d0000 - 0x00007ffa7ec40000 	C:\Windows\System32\SETUPAPI.dll
0x00007ffa7e080000 - 0x00007ffa7e0ce000 	C:\Windows\System32\cfgmgr32.dll
0x00007ffa7db40000 - 0x00007ffa7db67000 	C:\Windows\System32\bcrypt.dll
0x00007ffa72250000 - 0x00007ffa7248f000 	C:\Windows\System32\DriverStore\FileRepository\iigd_dch.inf_amd64_a086f01cc7be643a\igdgmm64.dll
0x0000000067550000 - 0x0000000067593000 	C:\Program Files\Java\jdk1.8.0_111\jre\bin\glass.dll
0x00007ffa7e6f0000 - 0x00007ffa7e7cb000 	C:\Windows\System32\COMDLG32.dll
0x00007ffa7eea0000 - 0x00007ffa7efb6000 	C:\Windows\System32\MSCTF.dll
0x00007ffa7dde0000 - 0x00007ffa7de62000 	C:\Windows\System32\bcryptPrimitives.dll
0x00007ffa5feb0000 - 0x00007ffa5fed7000 	C:\Windows\System32\DriverStore\FileRepository\iigd_dch.inf_amd64_a086f01cc7be643a\igdinfo64.dll
0x00007ffa6f5e0000 - 0x00007ffa72242000 	C:\Windows\System32\DriverStore\FileRepository\iigd_dch.inf_amd64_a086f01cc7be643a\igc64.dll
0x00007ffa73be0000 - 0x00007ffa73c1b000 	C:\Windows\SYSTEM32\dxcore.dll
0x0000000067530000 - 0x0000000067544000 	C:\Program Files\Java\jdk1.8.0_111\jre\bin\javafx_font.dll
0x00007ffa68a30000 - 0x00007ffa68caf000 	C:\Windows\SYSTEM32\dwrite.dll
0x00007ffa7e270000 - 0x00007ffa7e319000 	C:\Windows\System32\clbcatq.dll
0x00007ffa77f70000 - 0x00007ffa78124000 	C:\Windows\SYSTEM32\WindowsCodecs.dll
0x00007ffa5fe50000 - 0x00007ffa5fe8e000 	C:\Windows\system32\dataexchange.dll
0x00007ffa794e0000 - 0x00007ffa79744000 	C:\Windows\system32\d3d11.dll
0x00007ffa79fe0000 - 0x00007ffa7a1c5000 	C:\Windows\system32\dcomp.dll
0x00007ffa7c0a0000 - 0x00007ffa7c193000 	C:\Windows\system32\dxgi.dll
0x00007ffa77cb0000 - 0x00007ffa77eb1000 	C:\Windows\system32\twinapi.appcore.dll
0x00007ffa6a6e0000 - 0x00007ffa6a714000 	C:\Program Files\Common Files\Microsoft Shared\Ink\rtscom.dll
0x00007ffa6acf0000 - 0x00007ffa6ade9000 	C:\Windows\SYSTEM32\textinputframework.dll
0x00007ffa7a550000 - 0x00007ffa7a8ae000 	C:\Windows\System32\CoreUIComponents.dll
0x00007ffa7a990000 - 0x00007ffa7aa82000 	C:\Windows\System32\CoreMessaging.dll
0x00007ffa7c490000 - 0x00007ffa7c4c3000 	C:\Windows\SYSTEM32\ntmarta.dll
0x00007ffa79e80000 - 0x00007ffa79fd4000 	C:\Windows\SYSTEM32\wintypes.dll
0x00007ffa49460000 - 0x00007ffa49755000 	C:\Windows\SYSTEM32\UIAutomationCore.DLL
0x00007ffa78f50000 - 0x00007ffa79046000 	C:\Windows\SYSTEM32\PROPSYS.dll
0x00007ffa5ebd0000 - 0x00007ffa5ec4d000 	C:\Windows\System32\OneCoreCommonProxyStub.dll
0x0000000067510000 - 0x0000000067521000 	C:\Program Files\Java\jdk1.8.0_111\jre\bin\prism_common.dll

VM Arguments:
jvm_args: -Dfile.encoding=UTF-8 
java_command: C:\Users\Conno\Documents\NetBeansProjects\UWE3_1\dist\run601475478\UWE3_1.jar
java_class_path (initial): C:\Users\Conno\Documents\NetBeansProjects\UWE3_1\dist\run601475478\UWE3_1.jar
Launcher Type: SUN_STANDARD

Environment Variables:
PATH=C:\ProgramData\Oracle\Java\javapath;C:\Program Files\Common Files\Oracle\Java\javapath;C:\Program Files (x86)\Common Files\Oracle\Java\javapath;C:\Windows\system32;C:\Windows;C:\Windows\System32\Wbem;C:\Windows\System32\WindowsPowerShell\v1.0\;C:\Windows\System32\OpenSSH\;C:\Program Files\nodejs\;C:\Program Files\Git\cmd;C:\Program Files (x86)\Brackets\command;C:\Users\Conno\AppData\Local\Programs\Python\Python39\Scripts\;C:\Users\Conno\AppData\Local\Programs\Python\Python39\;C:\Program Files\MySQL\MySQL Shell 8.0\bin\;C:\Users\Conno\AppData\Local\Microsoft\WindowsApps;C:\Users\Conno\AppData\Local\Programs\Microsoft VS Code\bin;C:\Users\Conno\AppData\Roaming\npm;C:\Users\Conno\AppData\Local\GitHubDesktop\bin
USERNAME=Connor
OS=Windows_NT
PROCESSOR_IDENTIFIER=Intel64 Family 6 Model 142 Stepping 9, GenuineIntel



---------------  S Y S T E M  ---------------

OS: Windows 10.0 , 64 bit Build 19041 (10.0.19041.1566)

CPU:total 4 (2 cores per cpu, 2 threads per core) family 6 model 142 stepping 9, cmov, cx8, fxsr, mmx, sse, sse2, sse3, ssse3, sse4.1, sse4.2, popcnt, avx, avx2, aes, clmul, erms, 3dnowpref, lzcnt, ht, tsc, tscinvbit, bmi1, bmi2, adx

Memory: 4k page, physical 16498468k(8655068k free), swap 18988836k(8271392k free)

vm_info: Java HotSpot(TM) 64-Bit Server VM (25.111-b14) for windows-amd64 JRE (1.8.0_111-b14), built on Sep 22 2016 19:24:05 by "java_re" with MS VC++ 10.0 (VS2010)

time: Thu Mar 17 15:23:04 2022
elapsed time: 3 seconds (0d 0h 0m 3s)

